


ARM Macro Assembler    Page 1 


    1 00000000         ;******************** (C) COPYRIGHT 2012 STMicroelectron
                       ics ********************
    2 00000000         ;* File Name          : startup_stm32f4xx.s
    3 00000000         ;* Author             : MCD Application Team
    4 00000000         ;* Version            : V1.0.2
    5 00000000         ;* Date               : 05-March-2012
    6 00000000         ;* Description        : STM32F4xx devices vector table f
                       or MDK-ARM toolchain. 
    7 00000000         ;*                      This module performs:
    8 00000000         ;*                      - Set the initial SP
    9 00000000         ;*                      - Set the initial PC == Reset_Ha
                       ndler
   10 00000000         ;*                      - Set the vector table entries w
                       ith the exceptions ISR address
   11 00000000         ;*                      - Configure the system clock and
                        the external SRAM mounted on 
   12 00000000         ;*                        STM324xG-EVAL board to be used
                        as data memory (optional, 
   13 00000000         ;*                        to be enabled by user)
   14 00000000         ;*                      - Branches to __main in the C li
                       brary (which eventually
   15 00000000         ;*                        calls main()).
   16 00000000         ;*                      After Reset the CortexM4 process
                       or is in Thread mode,
   17 00000000         ;*                      priority is Privileged, and the 
                       Stack is set to Main.
   18 00000000         ;* <<< Use Configuration Wizard in Context Menu >>>   
   19 00000000         ;*******************************************************
                       ************************
   20 00000000         ; 
   21 00000000         ; Licensed under MCD-ST Liberty SW License Agreement V2,
                        (the "License");
   22 00000000         ; You may not use this file except in compliance with th
                       e License.
   23 00000000         ; You may obtain a copy of the License at:
   24 00000000         ; 
   25 00000000         ;        http://www.st.com/software_license_agreement_li
                       berty_v2
   26 00000000         ; 
   27 00000000         ; Unless required by applicable law or agreed to in writ
                       ing, software 
   28 00000000         ; distributed under the License is distributed on an "AS
                        IS" BASIS, 
   29 00000000         ; WITHOUT WARRANTIES OR CONDITIONS OF ANY KIND, either e
                       xpress or implied.
   30 00000000         ; See the License for the specific language governing pe
                       rmissions and
   31 00000000         ; limitations under the License.
   32 00000000         ; 
   33 00000000         ;*******************************************************
                       ************************
   34 00000000         
   35 00000000         ; Amount of memory (in bytes) allocated for Stack
   36 00000000         ; Tailor this value to your application needs
   37 00000000         ; <h> Stack Configuration
   38 00000000         ;   <o> Stack Size (in Bytes) <0x0-0xFFFFFFFF:8>
   39 00000000         ; </h>
   40 00000000         
   41 00000000 00000400 



ARM Macro Assembler    Page 2 


                       Stack_Size
                               EQU              0x00000400
   42 00000000         
   43 00000000                 AREA             STACK, NOINIT, READWRITE, ALIGN
=3
   44 00000000         Stack_Mem
                               SPACE            Stack_Size
   45 00000400         __initial_sp
   46 00000400         
   47 00000400         
   48 00000400         ; <h> Heap Configuration
   49 00000400         ;   <o>  Heap Size (in Bytes) <0x0-0xFFFFFFFF:8>
   50 00000400         ; </h>
   51 00000400         
   52 00000400 00000200 
                       Heap_Size
                               EQU              0x00000200
   53 00000400         
   54 00000400                 AREA             HEAP, NOINIT, READWRITE, ALIGN=
3
   55 00000000         __heap_base
   56 00000000         Heap_Mem
                               SPACE            Heap_Size
   57 00000200         __heap_limit
   58 00000200         
   59 00000200                 PRESERVE8
   60 00000200                 THUMB
   61 00000200         
   62 00000200         
   63 00000200         ; Vector Table Mapped to Address 0 at Reset
   64 00000200                 AREA             RESET, DATA, READONLY
   65 00000000                 EXPORT           __Vectors
   66 00000000                 EXPORT           __Vectors_End
   67 00000000                 EXPORT           __Vectors_Size
   68 00000000         
   69 00000000 00000000 
                       __Vectors
                               DCD              __initial_sp ; Top of Stack
   70 00000004 00000000        DCD              Reset_Handler ; Reset Handler
   71 00000008 00000000        DCD              NMI_Handler ; NMI Handler
   72 0000000C 00000000        DCD              HardFault_Handler ; Hard Fault 
                                                            Handler
   73 00000010 00000000        DCD              MemManage_Handler 
                                                            ; MPU Fault Handler
                                                            
   74 00000014 00000000        DCD              BusFault_Handler 
                                                            ; Bus Fault Handler
                                                            
   75 00000018 00000000        DCD              UsageFault_Handler ; Usage Faul
                                                            t Handler
   76 0000001C 00000000        DCD              0           ; Reserved
   77 00000020 00000000        DCD              0           ; Reserved
   78 00000024 00000000        DCD              0           ; Reserved
   79 00000028 00000000        DCD              0           ; Reserved
   80 0000002C 00000000        DCD              SVC_Handler ; SVCall Handler
   81 00000030 00000000        DCD              DebugMon_Handler ; Debug Monito
                                                            r Handler
   82 00000034 00000000        DCD              0           ; Reserved
   83 00000038 00000000        DCD              PendSV_Handler ; PendSV Handler



ARM Macro Assembler    Page 3 


                                                            
   84 0000003C 00000000        DCD              SysTick_Handler 
                                                            ; SysTick Handler
   85 00000040         
   86 00000040         ; External Interrupts
   87 00000040 00000000        DCD              WWDG_IRQHandler ; Window WatchD
                                                            og                 
                                                                               
                                                                
   88 00000044 00000000        DCD              PVD_IRQHandler ; PVD through EX
                                                            TI Line detection  
                                                                               
                                                               
   89 00000048 00000000        DCD              TAMP_STAMP_IRQHandler ; Tamper 
                                                            and TimeStamps thro
                                                            ugh the EXTI line  
                                                                      
   90 0000004C 00000000        DCD              RTC_WKUP_IRQHandler ; RTC Wakeu
                                                            p through the EXTI 
                                                            line               
                                                                    
   91 00000050 00000000        DCD              FLASH_IRQHandler ; FLASH       
                                                                               
                                                                             
   92 00000054 00000000        DCD              RCC_IRQHandler ; RCC           
                                                                               
                                                                           
   93 00000058 00000000        DCD              EXTI0_IRQHandler ; EXTI Line0  
                                                                               
                                                                               
                                                                 
   94 0000005C 00000000        DCD              EXTI1_IRQHandler ; EXTI Line1  
                                                                               
                                                                               
                                                                 
   95 00000060 00000000        DCD              EXTI2_IRQHandler ; EXTI Line2  
                                                                               
                                                                               
                                                                 
   96 00000064 00000000        DCD              EXTI3_IRQHandler ; EXTI Line3  
                                                                               
                                                                               
                                                                 
   97 00000068 00000000        DCD              EXTI4_IRQHandler ; EXTI Line4  
                                                                               
                                                                               
                                                                 
   98 0000006C 00000000        DCD              DMA1_Stream0_IRQHandler ; DMA1 
                                                            Stream 0           
                                                                               
                                                                 
   99 00000070 00000000        DCD              DMA1_Stream1_IRQHandler ; DMA1 
                                                            Stream 1           
                                                                               
                                                                 
  100 00000074 00000000        DCD              DMA1_Stream2_IRQHandler ; DMA1 
                                                            Stream 2           
                                                                               
                                                                 



ARM Macro Assembler    Page 4 


  101 00000078 00000000        DCD              DMA1_Stream3_IRQHandler ; DMA1 
                                                            Stream 3           
                                                                               
                                                                 
  102 0000007C 00000000        DCD              DMA1_Stream4_IRQHandler ; DMA1 
                                                            Stream 4           
                                                                               
                                                                 
  103 00000080 00000000        DCD              DMA1_Stream5_IRQHandler ; DMA1 
                                                            Stream 5           
                                                                               
                                                                 
  104 00000084 00000000        DCD              DMA1_Stream6_IRQHandler ; DMA1 
                                                            Stream 6           
                                                                               
                                                                 
  105 00000088 00000000        DCD              ADC_IRQHandler ; ADC1, ADC2 and
                                                             ADC3s             
                                                                           
  106 0000008C 00000000        DCD              CAN1_TX_IRQHandler ; CAN1 TX   
                                                                               
                                                                               
                                                                   
  107 00000090 00000000        DCD              CAN1_RX0_IRQHandler ; CAN1 RX0 
                                                                               
                                                                               
                                                                    
  108 00000094 00000000        DCD              CAN1_RX1_IRQHandler ; CAN1 RX1 
                                                                               
                                                                               
                                                                    
  109 00000098 00000000        DCD              CAN1_SCE_IRQHandler ; CAN1 SCE 
                                                                               
                                                                               
                                                                    
  110 0000009C 00000000        DCD              EXTI9_5_IRQHandler ; External L
                                                            ine[9:5]s          
                                                                               
                                                                   
  111 000000A0 00000000        DCD              TIM1_BRK_TIM9_IRQHandler ; TIM1
                                                             Break and TIM9    
                                                                           
  112 000000A4 00000000        DCD              TIM1_UP_TIM10_IRQHandler ; TIM1
                                                             Update and TIM10  
                                                                           
  113 000000A8 00000000        DCD              TIM1_TRG_COM_TIM11_IRQHandler ;
                                                             TIM1 Trigger and C
                                                            ommutation and TIM1
                                                            1
  114 000000AC 00000000        DCD              TIM1_CC_IRQHandler ; TIM1 Captu
                                                            re Compare         
                                                                               
                                                                   
  115 000000B0 00000000        DCD              TIM2_IRQHandler ; TIM2         
                                                                               
                                                                            
  116 000000B4 00000000        DCD              TIM3_IRQHandler ; TIM3         
                                                                               
                                                                            



ARM Macro Assembler    Page 5 


  117 000000B8 00000000        DCD              TIM4_IRQHandler ; TIM4         
                                                                               
                                                                            
  118 000000BC 00000000        DCD              I2C1_EV_IRQHandler ; I2C1 Event
                                                                               
                                                                               
                                                                   
  119 000000C0 00000000        DCD              I2C1_ER_IRQHandler ; I2C1 Error
                                                                               
                                                                               
                                                                   
  120 000000C4 00000000        DCD              I2C2_EV_IRQHandler ; I2C2 Event
                                                                               
                                                                               
                                                                   
  121 000000C8 00000000        DCD              I2C2_ER_IRQHandler ; I2C2 Error
                                                                               
                                                                               
                                                                     
  122 000000CC 00000000        DCD              SPI1_IRQHandler ; SPI1         
                                                                               
                                                                            
  123 000000D0 00000000        DCD              SPI2_IRQHandler ; SPI2         
                                                                               
                                                                            
  124 000000D4 00000000        DCD              USART1_IRQHandler ; USART1     
                                                                               
                                                                              
  125 000000D8 00000000        DCD              USART2_IRQHandler ; USART2     
                                                                               
                                                                              
  126 000000DC 00000000        DCD              USART3_IRQHandler ; USART3     
                                                                               
                                                                              
  127 000000E0 00000000        DCD              EXTI15_10_IRQHandler ; External
                                                             Line[15:10]s      
                                                                               
                                                                     
  128 000000E4 00000000        DCD              RTC_Alarm_IRQHandler ; RTC Alar
                                                            m (A and B) through
                                                             EXTI Line         
                                                                     
  129 000000E8 00000000        DCD              OTG_FS_WKUP_IRQHandler ; USB OT
                                                            G FS Wakeup through
                                                             EXTI line         
                                                                           
  130 000000EC 00000000        DCD              TIM8_BRK_TIM12_IRQHandler ; TIM
                                                            8 Break and TIM12  
                                                                            
  131 000000F0 00000000        DCD              TIM8_UP_TIM13_IRQHandler ; TIM8
                                                             Update and TIM13  
                                                                           
  132 000000F4 00000000        DCD              TIM8_TRG_COM_TIM14_IRQHandler ;
                                                             TIM8 Trigger and C
                                                            ommutation and TIM1
                                                            4
  133 000000F8 00000000        DCD              TIM8_CC_IRQHandler ; TIM8 Captu
                                                            re Compare         
                                                                               



ARM Macro Assembler    Page 6 


                                                                   
  134 000000FC 00000000        DCD              DMA1_Stream7_IRQHandler ; DMA1 
                                                            Stream7            
                                                                               
                                                                        
  135 00000100 00000000        DCD              FSMC_IRQHandler ; FSMC         
                                                                               
                                                                            
  136 00000104 00000000        DCD              SDIO_IRQHandler ; SDIO         
                                                                               
                                                                            
  137 00000108 00000000        DCD              TIM5_IRQHandler ; TIM5         
                                                                               
                                                                            
  138 0000010C 00000000        DCD              SPI3_IRQHandler ; SPI3         
                                                                               
                                                                            
  139 00000110 00000000        DCD              UART4_IRQHandler ; UART4       
                                                                               
                                                                             
  140 00000114 00000000        DCD              UART5_IRQHandler ; UART5       
                                                                               
                                                                             
  141 00000118 00000000        DCD              TIM6_DAC_IRQHandler ; TIM6 and 
                                                            DAC1&2 underrun err
                                                            ors                
                                                               
  142 0000011C 00000000        DCD              TIM7_IRQHandler ; TIM7         
                                                                      
  143 00000120 00000000        DCD              DMA2_Stream0_IRQHandler ; DMA2 
                                                            Stream 0           
                                                                               
                                                                 
  144 00000124 00000000        DCD              DMA2_Stream1_IRQHandler ; DMA2 
                                                            Stream 1           
                                                                               
                                                                 
  145 00000128 00000000        DCD              DMA2_Stream2_IRQHandler ; DMA2 
                                                            Stream 2           
                                                                               
                                                                 
  146 0000012C 00000000        DCD              DMA2_Stream3_IRQHandler ; DMA2 
                                                            Stream 3           
                                                                               
                                                                 
  147 00000130 00000000        DCD              DMA2_Stream4_IRQHandler ; DMA2 
                                                            Stream 4           
                                                                               
                                                                 
  148 00000134 00000000        DCD              ETH_IRQHandler ; Ethernet      
                                                                               
                                                                           
  149 00000138 00000000        DCD              ETH_WKUP_IRQHandler ; Ethernet 
                                                            Wakeup through EXTI
                                                             line              
                                                                    
  150 0000013C 00000000        DCD              CAN2_TX_IRQHandler ; CAN2 TX   
                                                                               
                                                                               



ARM Macro Assembler    Page 7 


                                                                   
  151 00000140 00000000        DCD              CAN2_RX0_IRQHandler ; CAN2 RX0 
                                                                               
                                                                               
                                                                    
  152 00000144 00000000        DCD              CAN2_RX1_IRQHandler ; CAN2 RX1 
                                                                               
                                                                               
                                                                    
  153 00000148 00000000        DCD              CAN2_SCE_IRQHandler ; CAN2 SCE 
                                                                               
                                                                               
                                                                    
  154 0000014C 00000000        DCD              OTG_FS_IRQHandler ; USB OTG FS 
                                                                               
                                                                              
  155 00000150 00000000        DCD              DMA2_Stream5_IRQHandler ; DMA2 
                                                            Stream 5           
                                                                               
                                                                 
  156 00000154 00000000        DCD              DMA2_Stream6_IRQHandler ; DMA2 
                                                            Stream 6           
                                                                               
                                                                 
  157 00000158 00000000        DCD              DMA2_Stream7_IRQHandler ; DMA2 
                                                            Stream 7           
                                                                               
                                                                 
  158 0000015C 00000000        DCD              USART6_IRQHandler ; USART6     
                                                                               
                                                                               
                                                            
  159 00000160 00000000        DCD              I2C3_EV_IRQHandler ; I2C3 event
                                                                               
                                                                               
                                                                   
  160 00000164 00000000        DCD              I2C3_ER_IRQHandler ; I2C3 error
                                                                               
                                                                               
                                                                   
  161 00000168 00000000        DCD              OTG_HS_EP1_OUT_IRQHandler ; USB
                                                             OTG HS End Point 1
                                                             Out               
                                                                   
  162 0000016C 00000000        DCD              OTG_HS_EP1_IN_IRQHandler ; USB 
                                                            OTG HS End Point 1 
                                                            In                 
                                                                  
  163 00000170 00000000        DCD              OTG_HS_WKUP_IRQHandler ; USB OT
                                                            G HS Wakeup through
                                                             EXTI              
                                                                       
  164 00000174 00000000        DCD              OTG_HS_IRQHandler ; USB OTG HS 
                                                                               
                                                                              
  165 00000178 00000000        DCD              DCMI_IRQHandler ; DCMI         
                                                                               
                                                                            
  166 0000017C 00000000        DCD              CRYP_IRQHandler ; CRYP crypto  



ARM Macro Assembler    Page 8 


                                                                               
                                                                            
  167 00000180 00000000        DCD              HASH_RNG_IRQHandler 
                                                            ; Hash and Rng
  168 00000184 00000000        DCD              FPU_IRQHandler ; FPU
  169 00000188         
  170 00000188         __Vectors_End
  171 00000188         
  172 00000188 00000188 
                       __Vectors_Size
                               EQU              __Vectors_End - __Vectors
  173 00000188         
  174 00000188                 AREA             |.text|, CODE, READONLY
  175 00000000         
  176 00000000         ; Reset handler
  177 00000000         Reset_Handler
                               PROC
  178 00000000                 EXPORT           Reset_Handler             [WEAK
]
  179 00000000                 IMPORT           SystemInit
  180 00000000                 IMPORT           __main
  181 00000000         
  182 00000000 4809            LDR              R0, =SystemInit
  183 00000002 4780            BLX              R0
  184 00000004 4809            LDR              R0, =__main
  185 00000006 4700            BX               R0
  186 00000008                 ENDP
  187 00000008         
  188 00000008         ; Dummy Exception Handlers (infinite loops which can be 
                       modified)
  189 00000008         
  190 00000008         NMI_Handler
                               PROC
  191 00000008                 EXPORT           NMI_Handler                [WEA
K]
  192 00000008 E7FE            B                .
  193 0000000A                 ENDP
  195 0000000A         HardFault_Handler
                               PROC
  196 0000000A                 EXPORT           HardFault_Handler          [WEA
K]
  197 0000000A E7FE            B                .
  198 0000000C                 ENDP
  200 0000000C         MemManage_Handler
                               PROC
  201 0000000C                 EXPORT           MemManage_Handler          [WEA
K]
  202 0000000C E7FE            B                .
  203 0000000E                 ENDP
  205 0000000E         BusFault_Handler
                               PROC
  206 0000000E                 EXPORT           BusFault_Handler           [WEA
K]
  207 0000000E E7FE            B                .
  208 00000010                 ENDP
  210 00000010         UsageFault_Handler
                               PROC
  211 00000010                 EXPORT           UsageFault_Handler         [WEA
K]



ARM Macro Assembler    Page 9 


  212 00000010 E7FE            B                .
  213 00000012                 ENDP
  214 00000012         SVC_Handler
                               PROC
  215 00000012                 EXPORT           SVC_Handler                [WEA
K]
  216 00000012 E7FE            B                .
  217 00000014                 ENDP
  219 00000014         DebugMon_Handler
                               PROC
  220 00000014                 EXPORT           DebugMon_Handler           [WEA
K]
  221 00000014 E7FE            B                .
  222 00000016                 ENDP
  223 00000016         PendSV_Handler
                               PROC
  224 00000016                 EXPORT           PendSV_Handler             [WEA
K]
  225 00000016 E7FE            B                .
  226 00000018                 ENDP
  227 00000018         SysTick_Handler
                               PROC
  228 00000018                 EXPORT           SysTick_Handler            [WEA
K]
  229 00000018 E7FE            B                .
  230 0000001A                 ENDP
  231 0000001A         
  232 0000001A         Default_Handler
                               PROC
  233 0000001A         
  234 0000001A                 EXPORT           WWDG_IRQHandler                
   [WEAK]
  235 0000001A                 EXPORT           PVD_IRQHandler                 
   [WEAK]
  236 0000001A                 EXPORT           TAMP_STAMP_IRQHandler          
   [WEAK]
  237 0000001A                 EXPORT           RTC_WKUP_IRQHandler            
   [WEAK]
  238 0000001A                 EXPORT           FLASH_IRQHandler               
   [WEAK]
  239 0000001A                 EXPORT           RCC_IRQHandler                 
   [WEAK]
  240 0000001A                 EXPORT           EXTI0_IRQHandler               
   [WEAK]
  241 0000001A                 EXPORT           EXTI1_IRQHandler               
   [WEAK]
  242 0000001A                 EXPORT           EXTI2_IRQHandler               
   [WEAK]
  243 0000001A                 EXPORT           EXTI3_IRQHandler               
   [WEAK]
  244 0000001A                 EXPORT           EXTI4_IRQHandler               
   [WEAK]
  245 0000001A                 EXPORT           DMA1_Stream0_IRQHandler        
   [WEAK]
  246 0000001A                 EXPORT           DMA1_Stream1_IRQHandler        
   [WEAK]
  247 0000001A                 EXPORT           DMA1_Stream2_IRQHandler        
   [WEAK]
  248 0000001A                 EXPORT           DMA1_Stream3_IRQHandler        



ARM Macro Assembler    Page 10 


   [WEAK]
  249 0000001A                 EXPORT           DMA1_Stream4_IRQHandler        
   [WEAK]
  250 0000001A                 EXPORT           DMA1_Stream5_IRQHandler        
   [WEAK]
  251 0000001A                 EXPORT           DMA1_Stream6_IRQHandler        
   [WEAK]
  252 0000001A                 EXPORT           ADC_IRQHandler                 
   [WEAK]
  253 0000001A                 EXPORT           CAN1_TX_IRQHandler             
   [WEAK]
  254 0000001A                 EXPORT           CAN1_RX0_IRQHandler            
   [WEAK]
  255 0000001A                 EXPORT           CAN1_RX1_IRQHandler            
   [WEAK]
  256 0000001A                 EXPORT           CAN1_SCE_IRQHandler            
   [WEAK]
  257 0000001A                 EXPORT           EXTI9_5_IRQHandler             
   [WEAK]
  258 0000001A                 EXPORT           TIM1_BRK_TIM9_IRQHandler       
   [WEAK]
  259 0000001A                 EXPORT           TIM1_UP_TIM10_IRQHandler       
   [WEAK]
  260 0000001A                 EXPORT           TIM1_TRG_COM_TIM11_IRQHandler  
   [WEAK]
  261 0000001A                 EXPORT           TIM1_CC_IRQHandler             
   [WEAK]
  262 0000001A                 EXPORT           TIM2_IRQHandler                
   [WEAK]
  263 0000001A                 EXPORT           TIM3_IRQHandler                
   [WEAK]
  264 0000001A                 EXPORT           TIM4_IRQHandler                
   [WEAK]
  265 0000001A                 EXPORT           I2C1_EV_IRQHandler             
   [WEAK]
  266 0000001A                 EXPORT           I2C1_ER_IRQHandler             
   [WEAK]
  267 0000001A                 EXPORT           I2C2_EV_IRQHandler             
   [WEAK]
  268 0000001A                 EXPORT           I2C2_ER_IRQHandler             
   [WEAK]
  269 0000001A                 EXPORT           SPI1_IRQHandler                
   [WEAK]
  270 0000001A                 EXPORT           SPI2_IRQHandler                
   [WEAK]
  271 0000001A                 EXPORT           USART1_IRQHandler              
   [WEAK]
  272 0000001A                 EXPORT           USART2_IRQHandler              
   [WEAK]
  273 0000001A                 EXPORT           USART3_IRQHandler              
   [WEAK]
  274 0000001A                 EXPORT           EXTI15_10_IRQHandler           
   [WEAK]
  275 0000001A                 EXPORT           RTC_Alarm_IRQHandler           
   [WEAK]
  276 0000001A                 EXPORT           OTG_FS_WKUP_IRQHandler         
   [WEAK]
  277 0000001A                 EXPORT           TIM8_BRK_TIM12_IRQHandler      
   [WEAK]



ARM Macro Assembler    Page 11 


  278 0000001A                 EXPORT           TIM8_UP_TIM13_IRQHandler       
   [WEAK]
  279 0000001A                 EXPORT           TIM8_TRG_COM_TIM14_IRQHandler  
   [WEAK]
  280 0000001A                 EXPORT           TIM8_CC_IRQHandler             
   [WEAK]
  281 0000001A                 EXPORT           DMA1_Stream7_IRQHandler        
   [WEAK]
  282 0000001A                 EXPORT           FSMC_IRQHandler                
   [WEAK]
  283 0000001A                 EXPORT           SDIO_IRQHandler                
   [WEAK]
  284 0000001A                 EXPORT           TIM5_IRQHandler                
   [WEAK]
  285 0000001A                 EXPORT           SPI3_IRQHandler                
   [WEAK]
  286 0000001A                 EXPORT           UART4_IRQHandler               
   [WEAK]
  287 0000001A                 EXPORT           UART5_IRQHandler               
   [WEAK]
  288 0000001A                 EXPORT           TIM6_DAC_IRQHandler            
   [WEAK]
  289 0000001A                 EXPORT           TIM7_IRQHandler                
   [WEAK]
  290 0000001A                 EXPORT           DMA2_Stream0_IRQHandler        
   [WEAK]
  291 0000001A                 EXPORT           DMA2_Stream1_IRQHandler        
   [WEAK]
  292 0000001A                 EXPORT           DMA2_Stream2_IRQHandler        
   [WEAK]
  293 0000001A                 EXPORT           DMA2_Stream3_IRQHandler        
   [WEAK]
  294 0000001A                 EXPORT           DMA2_Stream4_IRQHandler        
   [WEAK]
  295 0000001A                 EXPORT           ETH_IRQHandler                 
   [WEAK]
  296 0000001A                 EXPORT           ETH_WKUP_IRQHandler            
   [WEAK]
  297 0000001A                 EXPORT           CAN2_TX_IRQHandler             
   [WEAK]
  298 0000001A                 EXPORT           CAN2_RX0_IRQHandler            
   [WEAK]
  299 0000001A                 EXPORT           CAN2_RX1_IRQHandler            
   [WEAK]
  300 0000001A                 EXPORT           CAN2_SCE_IRQHandler            
   [WEAK]
  301 0000001A                 EXPORT           OTG_FS_IRQHandler              
   [WEAK]
  302 0000001A                 EXPORT           DMA2_Stream5_IRQHandler        
   [WEAK]
  303 0000001A                 EXPORT           DMA2_Stream6_IRQHandler        
   [WEAK]
  304 0000001A                 EXPORT           DMA2_Stream7_IRQHandler        
   [WEAK]
  305 0000001A                 EXPORT           USART6_IRQHandler              
   [WEAK]
  306 0000001A                 EXPORT           I2C3_EV_IRQHandler             
   [WEAK]
  307 0000001A                 EXPORT           I2C3_ER_IRQHandler             



ARM Macro Assembler    Page 12 


   [WEAK]
  308 0000001A                 EXPORT           OTG_HS_EP1_OUT_IRQHandler      
   [WEAK]
  309 0000001A                 EXPORT           OTG_HS_EP1_IN_IRQHandler       
   [WEAK]
  310 0000001A                 EXPORT           OTG_HS_WKUP_IRQHandler         
   [WEAK]
  311 0000001A                 EXPORT           OTG_HS_IRQHandler              
   [WEAK]
  312 0000001A                 EXPORT           DCMI_IRQHandler                
   [WEAK]
  313 0000001A                 EXPORT           CRYP_IRQHandler                
   [WEAK]
  314 0000001A                 EXPORT           HASH_RNG_IRQHandler            
   [WEAK]
  315 0000001A                 EXPORT           FPU_IRQHandler                 
   [WEAK]
  316 0000001A         
  317 0000001A         WWDG_IRQHandler
  318 0000001A         PVD_IRQHandler
  319 0000001A         TAMP_STAMP_IRQHandler
  320 0000001A         RTC_WKUP_IRQHandler
  321 0000001A         FLASH_IRQHandler
  322 0000001A         RCC_IRQHandler
  323 0000001A         EXTI0_IRQHandler
  324 0000001A         EXTI1_IRQHandler
  325 0000001A         EXTI2_IRQHandler
  326 0000001A         EXTI3_IRQHandler
  327 0000001A         EXTI4_IRQHandler
  328 0000001A         DMA1_Stream0_IRQHandler
  329 0000001A         DMA1_Stream1_IRQHandler
  330 0000001A         DMA1_Stream2_IRQHandler
  331 0000001A         DMA1_Stream3_IRQHandler
  332 0000001A         DMA1_Stream4_IRQHandler
  333 0000001A         DMA1_Stream5_IRQHandler
  334 0000001A         DMA1_Stream6_IRQHandler
  335 0000001A         ADC_IRQHandler
  336 0000001A         CAN1_TX_IRQHandler
  337 0000001A         CAN1_RX0_IRQHandler
  338 0000001A         CAN1_RX1_IRQHandler
  339 0000001A         CAN1_SCE_IRQHandler
  340 0000001A         EXTI9_5_IRQHandler
  341 0000001A         TIM1_BRK_TIM9_IRQHandler
  342 0000001A         TIM1_UP_TIM10_IRQHandler
  343 0000001A         TIM1_TRG_COM_TIM11_IRQHandler
  344 0000001A         TIM1_CC_IRQHandler
  345 0000001A         TIM2_IRQHandler
  346 0000001A         TIM3_IRQHandler
  347 0000001A         TIM4_IRQHandler
  348 0000001A         I2C1_EV_IRQHandler
  349 0000001A         I2C1_ER_IRQHandler
  350 0000001A         I2C2_EV_IRQHandler
  351 0000001A         I2C2_ER_IRQHandler
  352 0000001A         SPI1_IRQHandler
  353 0000001A         SPI2_IRQHandler
  354 0000001A         USART1_IRQHandler
  355 0000001A         USART2_IRQHandler
  356 0000001A         USART3_IRQHandler
  357 0000001A         EXTI15_10_IRQHandler



ARM Macro Assembler    Page 13 


  358 0000001A         RTC_Alarm_IRQHandler
  359 0000001A         OTG_FS_WKUP_IRQHandler
  360 0000001A         TIM8_BRK_TIM12_IRQHandler
  361 0000001A         TIM8_UP_TIM13_IRQHandler
  362 0000001A         TIM8_TRG_COM_TIM14_IRQHandler
  363 0000001A         TIM8_CC_IRQHandler
  364 0000001A         DMA1_Stream7_IRQHandler
  365 0000001A         FSMC_IRQHandler
  366 0000001A         SDIO_IRQHandler
  367 0000001A         TIM5_IRQHandler
  368 0000001A         SPI3_IRQHandler
  369 0000001A         UART4_IRQHandler
  370 0000001A         UART5_IRQHandler
  371 0000001A         TIM6_DAC_IRQHandler
  372 0000001A         TIM7_IRQHandler
  373 0000001A         DMA2_Stream0_IRQHandler
  374 0000001A         DMA2_Stream1_IRQHandler
  375 0000001A         DMA2_Stream2_IRQHandler
  376 0000001A         DMA2_Stream3_IRQHandler
  377 0000001A         DMA2_Stream4_IRQHandler
  378 0000001A         ETH_IRQHandler
  379 0000001A         ETH_WKUP_IRQHandler
  380 0000001A         CAN2_TX_IRQHandler
  381 0000001A         CAN2_RX0_IRQHandler
  382 0000001A         CAN2_RX1_IRQHandler
  383 0000001A         CAN2_SCE_IRQHandler
  384 0000001A         OTG_FS_IRQHandler
  385 0000001A         DMA2_Stream5_IRQHandler
  386 0000001A         DMA2_Stream6_IRQHandler
  387 0000001A         DMA2_Stream7_IRQHandler
  388 0000001A         USART6_IRQHandler
  389 0000001A         I2C3_EV_IRQHandler
  390 0000001A         I2C3_ER_IRQHandler
  391 0000001A         OTG_HS_EP1_OUT_IRQHandler
  392 0000001A         OTG_HS_EP1_IN_IRQHandler
  393 0000001A         OTG_HS_WKUP_IRQHandler
  394 0000001A         OTG_HS_IRQHandler
  395 0000001A         DCMI_IRQHandler
  396 0000001A         CRYP_IRQHandler
  397 0000001A         HASH_RNG_IRQHandler
  398 0000001A         FPU_IRQHandler
  399 0000001A         
  400 0000001A E7FE            B                .
  401 0000001C         
  402 0000001C                 ENDP
  403 0000001C         
  404 0000001C                 ALIGN
  405 0000001C         
  406 0000001C         ;*******************************************************
                       ************************
  407 0000001C         ; User Stack and Heap initialization
  408 0000001C         ;*******************************************************
                       ************************
  409 0000001C                 IF               :DEF:__MICROLIB
  416 0000001C         
  417 0000001C                 IMPORT           __use_two_region_memory
  418 0000001C                 EXPORT           __user_initial_stackheap
  419 0000001C         
  420 0000001C         __user_initial_stackheap



ARM Macro Assembler    Page 14 


  421 0000001C         
  422 0000001C 4804            LDR              R0, =  Heap_Mem
  423 0000001E 4905            LDR              R1, =(Stack_Mem + Stack_Size)
  424 00000020 4A05            LDR              R2, = (Heap_Mem +  Heap_Size)
  425 00000022 4B06            LDR              R3, = Stack_Mem
  426 00000024 4770            BX               LR
  427 00000026         
  428 00000026 00 00           ALIGN
  429 00000028         
  430 00000028                 ENDIF
  431 00000028         
  432 00000028                 END
              00000000 
              00000000 
              00000000 
              00000400 
              00000200 
              00000000 
Command Line: --debug --diag_suppress=9931 --cpu=Cortex-M4.fp --apcs=interwork 
--depend=..\output\startup_stm32f4xx.d -o..\output\startup_stm32f4xx.o -I"G:\组
合导航资料 姜辉\PSINS学习开发板全套资料\PSINS_STM32F4xx_Keil4_V1.1\Project\RTE"
 -IC:\Keil_v5\ARM\PACK\Keil\STM32F4xx_DFP\1.0.8\Device\Include -IC:\Keil_v5\ARM
\CMSIS\Include --predefine="__UVISION_VERSION SETA 514" --predefine="STM32F40_4
1xxx SETA 1" --list=..\output\startup_stm32f4xx.lst ..\scr\startup_stm32f4xx.s
